00:00:00.123170 VirtualBox GUI VM Selector Window 7.0.12 r159484 linux.amd64 (Oct 17 2023 12:57:12) release log
00:00:00.123171 Log opened 2023-10-28T09:49:51.314633000Z
00:00:00.123172 Build Type: release
00:00:00.123173 OS Product: Linux
00:00:00.123174 OS Release: 6.5.9-arch2-1
00:00:00.123175 OS Version: #1 SMP PREEMPT_DYNAMIC Thu, 26 Oct 2023 00:52:20 +0000
00:00:00.123190 DMI Product Name: Q370M D3H GSM PLUS
00:00:00.123196 DMI Product Version: Default string
00:00:00.123201 Firmware type: BIOS
00:00:00.123224 Host RAM: 15896MB (15.5GB) total, 9196MB (8.9GB) available
00:00:00.123226 Executable: /usr/lib/virtualbox/VirtualBox
00:00:00.123226 Process ID: 45652
00:00:00.123227 Package type: LINUX_64BITS_GENERIC (OSE)
00:00:00.123243 Qt version: 5.15.11
00:00:00.123730 GUI: UIMediumEnumerator: Initial medium-enumeration finished!
00:00:00.125217 GUI: UIMediumEnumerator: Medium-enumeration started...
00:00:00.125226 GUI: UIMediumEnumerator: Medium-enumeration finished!
00:00:00.537168 GUI: UIDesktopWidgetWatchdog::sltHandleHostScreenAvailableGeometryCalculated: Screen 2 work area is actually resized to: 3960x23 x 320x1057
00:00:00.537354 GUI: UIDesktopWidgetWatchdog::sltHandleHostScreenAvailableGeometryCalculated: Screen 1 work area is actually resized to: 3640x23 x 320x1057
00:00:00.537363 GUI: UIDesktopWidgetWatchdog::sltHandleHostScreenAvailableGeometryCalculated: Screen 0 work area is actually resized to: 3320x23 x 320x1057
00:02:10.744568 GUI: UICommon: Handling aboutToQuit request..
00:02:11.202306 GUI: UICommon: aboutToQuit request handled!
