00:00:00.001946 main     VirtualBox XPCOM Server 7.0.12 r159484 linux.amd64 (Oct 17 2023 12:57:12) release log
00:00:00.001948 main     Log opened 2023-10-28T09:48:53.739397000Z
00:00:00.001949 main     Build Type: release
00:00:00.001951 main     OS Product: Linux
00:00:00.001952 main     OS Release: 6.5.9-arch2-1
00:00:00.001953 main     OS Version: #1 SMP PREEMPT_DYNAMIC Thu, 26 Oct 2023 00:52:20 +0000
00:00:00.001984 main     DMI Product Name: Q370M D3H GSM PLUS
00:00:00.001995 main     DMI Product Version: Default string
00:00:00.002003 main     Firmware type: BIOS
00:00:00.002037 main     Host RAM: 15896MB (15.5GB) total, 9331MB (9.1GB) available
00:00:00.002040 main     Executable: /usr/lib/virtualbox/VBoxSVC
00:00:00.002041 main     Process ID: 45462
00:00:00.002041 main     Package type: LINUX_64BITS_GENERIC (OSE)
00:00:00.008248 main     IPC socket path: /tmp/.vbox-n1ce-ipc/ipcd
00:00:00.130140 nspr-2   VirtualBox: object creation starts
00:00:00.132951 nspr-2   Home directory: '/home/n1ce/.config/VirtualBox'
00:00:00.133293 nspr-2   Loading settings file "/home/n1ce/.config/VirtualBox/VirtualBox.xml" with version "1.12-linux"
00:00:00.139646 nspr-2   HostDnsMonitor: initializing
00:00:00.139958 nspr-2   NAT: resolv.conf: nameserver 192.168.1.1
00:00:00.139976 nspr-2   NAT: resolv.conf: FIXME: ignoring IPv6 zone %enp6s0
00:00:00.139981 nspr-2   NAT: resolv.conf: nameserver fe80::e246:eeff:fe2c:1618
00:00:00.140004 nspr-2   HostDnsMonitor: updating information
00:00:00.140022 nspr-2   HostDnsMonitor: old information
00:00:00.140027 nspr-2     no server entries
00:00:00.140032 nspr-2     no domain set
00:00:00.140036 nspr-2     no search string entries
00:00:00.140040 nspr-2   HostDnsMonitor: new information
00:00:00.140044 nspr-2     server 1: 192.168.1.1
00:00:00.140049 nspr-2     server 2: fe80::e246:eeff:fe2c:1618%enp6s0
00:00:00.140054 nspr-2     no domain set
00:00:00.140058 nspr-2     no search string entries
00:00:00.148123 nspr-2   VD: VDInit finished with VINF_SUCCESS
00:00:00.149356 nspr-2   ERROR [COM]: aRC=NS_ERROR_FAILURE (0x80004005) aIID={aac6c7cb-a371-4c58-ab51-0616896b2f2c} aComponent={SystemPropertiesWrap} aText={Cannot determine default Guest Additions ISO location. Most likely they are not available}, preserve=false aResultDetail=0
00:00:00.152196 nspr-2   VirtualBox: object created
00:00:00.930990 nspr-3   WARNING [COM]: aRC=NS_ERROR_FAILURE (0x80004005) aIID={e54f6256-97a7-4947-8a78-10c013ddf4b8} aComponent={HostWrap} aText={VirtualBox is not currently allowed to access USB devices.  You can change this by adding your user to the 'vboxusers' group.  Please see the user manual for a more detailed explanation}, preserve=false aResultDetail=0
00:00:01.263456 nspr-3   Saving settings file "/home/n1ce/.config/VirtualBox/VirtualBox.xml" with version "1.12-linux"
00:00:01.268826 nspr-3   Finished saving settings file "/home/n1ce/.config/VirtualBox/VirtualBox.xml"
00:00:06.563412 nspr-2   Saving settings file "/home/n1ce/.config/VirtualBox/VirtualBox.xml" with version "1.12-linux"
00:00:06.571250 nspr-2   Finished saving settings file "/home/n1ce/.config/VirtualBox/VirtualBox.xml"
00:00:16.049996 nspr-4   Saving settings file "/home/n1ce/.config/VirtualBox/VirtualBox.xml" with version "1.12-linux"
00:00:16.054758 nspr-4   Finished saving settings file "/home/n1ce/.config/VirtualBox/VirtualBox.xml"
00:00:57.993422 nspr-3   WARNING [COM]: aRC=NS_ERROR_FAILURE (0x80004005) aIID={e54f6256-97a7-4947-8a78-10c013ddf4b8} aComponent={HostWrap} aText={VirtualBox is not currently allowed to access USB devices.  You can change this by adding your user to the 'vboxusers' group.  Please see the user manual for a more detailed explanation}, preserve=false aResultDetail=0
00:00:58.354206 nspr-2   Saving settings file "/home/n1ce/.config/VirtualBox/VirtualBox.xml" with version "1.12-linux"
00:00:58.359411 nspr-2   Finished saving settings file "/home/n1ce/.config/VirtualBox/VirtualBox.xml"
00:03:13.642741 main     VirtualBox: object deletion starts
00:03:13.643649 main     HostDnsMonitor: shutting down ...
00:03:13.644059 main     HostDnsMonitor: shut down
00:03:13.655455 Watcher  ERROR [COM]: aRC=E_ACCESSDENIED (0x80070005) aIID={7682d5eb-f00e-44f1-8ca2-99d08b1cd607} aComponent={VirtualBoxWrap} aText={The object is not ready}, preserve=false aResultDetail=0
00:03:13.655606 main     VirtualBox: object deleted
